0 info it worked if it ends with ok
1 verbose cli [ 'C:\\Program Files\\nodejs\\node.exe',
1 verbose cli   'C:\\Program Files\\nodejs\\node_modules\\npm\\bin\\npm-cli.js',
1 verbose cli   'start' ]
2 info using npm@3.8.6
3 info using node@v6.0.0
4 verbose run-script [ 'prestart', 'start', 'poststart' ]
5 info lifecycle webpack-runtime@1.0.0~prestart: webpack-runtime@1.0.0
6 silly lifecycle webpack-runtime@1.0.0~prestart: no script for prestart, continuing
7 info lifecycle webpack-runtime@1.0.0~start: webpack-runtime@1.0.0
8 verbose lifecycle webpack-runtime@1.0.0~start: unsafe-perm in lifecycle true
9 verbose lifecycle webpack-runtime@1.0.0~start: PATH: C:\Program Files\nodejs\node_modules\npm\bin\node-gyp-bin;D:\三阶段\react\cheaperEveryday\node_modules\.bin;C:\Program Files\nodejs;C:\Program Files (x86)\Git\git-cheetah\..\bin;C:\windows\system32;C:\windows;C:\windows\System32\Wbem;C:\windows\System32\WindowsPowerShell\v1.0\;D:\SVN\bin;C:\Program Files\nodejs\;C:\Users\Administrator.PC-20170630VFDB\AppData\Roaming\npm
10 verbose lifecycle webpack-runtime@1.0.0~start: CWD: D:\三阶段\react\cheaperEveryday
11 silly lifecycle webpack-runtime@1.0.0~start: Args: [ '/d /s /c', 'webpack-dev-server' ]
12 silly lifecycle webpack-runtime@1.0.0~start: Returned: code: 1  signal: null
13 info lifecycle webpack-runtime@1.0.0~start: Failed to exec start script
14 verbose stack Error: webpack-runtime@1.0.0 start: `webpack-dev-server`
14 verbose stack Exit status 1
14 verbose stack     at EventEmitter.<anonymous> (C:\Program Files\nodejs\node_modules\npm\lib\utils\lifecycle.js:239:16)
14 verbose stack     at emitTwo (events.js:106:13)
14 verbose stack     at EventEmitter.emit (events.js:191:7)
14 verbose stack     at ChildProcess.<anonymous> (C:\Program Files\nodejs\node_modules\npm\lib\utils\spawn.js:24:14)
14 verbose stack     at emitTwo (events.js:106:13)
14 verbose stack     at ChildProcess.emit (events.js:191:7)
14 verbose stack     at maybeClose (internal/child_process.js:850:16)
14 verbose stack     at Process.ChildProcess._handle.onexit (internal/child_process.js:215:5)
15 verbose pkgid webpack-runtime@1.0.0
16 verbose cwd D:\三阶段\react\cheaperEveryday
17 error Windows_NT 6.1.7601
18 error argv "C:\\Program Files\\nodejs\\node.exe" "C:\\Program Files\\nodejs\\node_modules\\npm\\bin\\npm-cli.js" "start"
19 error node v6.0.0
20 error npm  v3.8.6
21 error code ELIFECYCLE
22 error webpack-runtime@1.0.0 start: `webpack-dev-server`
22 error Exit status 1
23 error Failed at the webpack-runtime@1.0.0 start script 'webpack-dev-server'.
23 error Make sure you have the latest version of node.js and npm installed.
23 error If you do, this is most likely a problem with the webpack-runtime package,
23 error not with npm itself.
23 error Tell the author that this fails on your system:
23 error     webpack-dev-server
23 error You can get information on how to open an issue for this project with:
23 error     npm bugs webpack-runtime
23 error Or if that isn't available, you can get their info via:
23 error     npm owner ls webpack-runtime
23 error There is likely additional logging output above.
24 verbose exit [ 1, true ]
